Starting the Docker daemon... done
Loading the Image... done

============================
Running the Image [upb_amz] (model_build):

Reading Input Data
Initializing Quark Reducer
Placing Nano Tubes In Gravitational Wavepool
Measuring Particle Deviations
Programming Artificial Noggins
Beaming in Complex Materials
Solving Model
Saving Solved Model State
Success: The '/home/app/data/model_build_outputs/model.json' file has been saved

Time Elapsed: 0h:0m:3s

============================
Running the Image [upb_amz] (model_apply):

Reading Input Data
Solving Dark Matter Waveforms
Quantum Computer is Overheating
Trying Alternate Measurement Cycles
Found a Great Solution!
Checking Validity
The Answer is 42!

Applying answer with real model...
0 RouteID_15baae2d-bf07-4967-956a-173d4036613f

multiprocessing.pool.RemoteTraceback: 
"""
Traceback (most recent call last):
  File "/usr/lib/python3.8/multiprocessing/pool.py", line 125, in worker
    result = (True, func(*args, **kwds))
  File "/usr/lib/python3.8/multiprocessing/pool.py", line 48, in mapstar
    return list(map(*args))
  File "/home/app/src/build/optiCode/simulatedAnnealing.py", line 67, in iterate
    tabuList.appendleft(newObjVal)
NameError: name 'tabuList' is not defined
"""

The above exception was the direct cause of the following exception:

Traceback (most recent call last):
  File "src/model_apply.py", line 142, in <module>
    predicted_routes = predict_new_routes(prediction_routes, prediction_travelTimes)
  File "/home/app/src/build/main.py", line 68, in predict_new_routes
    SAsequenceZone = instance.multiprocessSA((6, -0.0004, False))
  File "/home/app/src/build/optiCode/simulatedAnnealing.py", line 80, in multiprocessSA
    result = p.map(self.iterate, args)
  File "/usr/lib/python3.8/multiprocessing/pool.py", line 364, in map
    return self._map_async(func, iterable, mapstar, chunksize).get()
  File "/usr/lib/python3.8/multiprocessing/pool.py", line 771, in get
    raise self._value
NameError: name 'tabuList' is not defined

Time Elapsed: 0h:0m:1s

Loading the Image... done

============================
Running the Scoring Image [rc-scoring]:

Beginning Score Evaluation... done

submission_score: 0.8841875513815196

First five route_scores:
RouteID_15baae2d-bf07-4967-956a-173d4036613f :  1.0219970777793639
RouteID_3f166f0e-fd2e-47ab-96a0-6cbc99cc6eef :  0.6043754889984972
RouteID_5486294a-503f-4346-b8a9-862e988cbe7c :  0.9389649594178116
RouteID_693060a6-88bb-4324-9e9c-925d5240263c :  1.0811377793946266
RouteID_7f5d87f0-c39f-434f-bf3f-b159ef321909 :  0.9122271855569742
...
